[debug] [2022-04-27T23:37:52.581Z] ----------------------------------------------------------------------
[debug] [2022-04-27T23:37:52.582Z] Command:       /Users/crystaltang/.nvm/versions/node/v16.14.2/bin/node /Users/crystaltang/.nvm/versions/node/v16.14.2/bin/firebase emulators:start
[debug] [2022-04-27T23:37:52.582Z] CLI Version:   10.5.0
[debug] [2022-04-27T23:37:52.582Z] Platform:      darwin
[debug] [2022-04-27T23:37:52.582Z] Node Version:  v16.14.2
[debug] [2022-04-27T23:37:52.583Z] Time:          Wed Apr 27 2022 19:37:52 GMT-0400 (Eastern Daylight Time)
[debug] [2022-04-27T23:37:52.583Z] ----------------------------------------------------------------------
[debug] 
[debug] [2022-04-27T23:37:52.616Z] > command requires scopes: ["email","openid","https://www.googleapis.com/auth/cloudplatformprojects.readonly","https://www.googleapis.com/auth/firebase","https://www.googleapis.com/auth/cloud-platform"]
[debug] [2022-04-27T23:37:52.617Z] > authorizing via signed-in user (crystaltang77@gmail.com)
[debug] [2022-04-27T23:37:52.703Z] java version "1.8.0_321"
Java(TM) SE Runtime Environment (build 1.8.0_321-b07)
[debug] [2022-04-27T23:37:52.703Z] 
Java HotSpot(TM) 64-Bit Server VM (build 25.321-b07, mixed mode)

[debug] [2022-04-27T23:37:52.706Z] Parsed Java major version: 1
[warn] ⚠  emulators: Support for Java version <= 10 will be dropped soon in firebase-tools@11. Please upgrade to Java version 11 or above to continue using the emulators. 
[info] i  emulators: Starting emulators: functions, firestore, database, hosting, storage {"metadata":{"emulator":{"name":"hub"},"message":"Starting emulators: functions, firestore, database, hosting, storage"}}
[debug] [2022-04-27T23:37:52.719Z] [hub] writing locator at /var/folders/f4/6mm8ktwd0tq3jcws_y4ns8fc0000gn/T/hub-emptyvoid-47fab.json
[warn] ⚠  functions: The following emulators are not running, calls to these services from the Functions emulator will affect production: auth, pubsub {"metadata":{"emulator":{"name":"functions"},"message":"The following emulators are not running, calls to these services from the Functions emulator will affect production: \u001b[1mauth, pubsub\u001b[22m"}}
[info] ✔  functions: Using node@16 from host. {"metadata":{"emulator":{"name":"functions"},"message":"Using node@16 from host."}}
[debug] [2022-04-27T23:37:52.727Z] defaultcredentials: writing to file /Users/crystaltang/.config/firebase/crystaltang77_gmail_com_application_default_credentials.json
[debug] [2022-04-27T23:37:52.730Z] Setting GAC to /Users/crystaltang/.config/firebase/crystaltang77_gmail_com_application_default_credentials.json {"metadata":{"emulator":{"name":"functions"},"message":"Setting GAC to /Users/crystaltang/.config/firebase/crystaltang77_gmail_com_application_default_credentials.json"}}
[debug] [2022-04-27T23:37:52.731Z] >>> [apiv2][query] GET https://firebase.googleapis.com/v1beta1/projects/emptyvoid-47fab/adminSdkConfig [none]
[debug] [2022-04-27T23:37:53.061Z] <<< [apiv2][status] GET https://firebase.googleapis.com/v1beta1/projects/emptyvoid-47fab/adminSdkConfig 200
[debug] [2022-04-27T23:37:53.061Z] <<< [apiv2][body] GET https://firebase.googleapis.com/v1beta1/projects/emptyvoid-47fab/adminSdkConfig {"projectId":"emptyvoid-47fab","databaseURL":"https://emptyvoid-47fab-default-rtdb.firebaseio.com","storageBucket":"emptyvoid-47fab.appspot.com","locationId":"us-central"}
[debug] [2022-04-27T23:37:53.093Z] Ignoring unsupported arg: projectId {"metadata":{"emulator":{"name":"firestore"},"message":"Ignoring unsupported arg: projectId"}}
[debug] [2022-04-27T23:37:53.094Z] Ignoring unsupported arg: auto_download {"metadata":{"emulator":{"name":"firestore"},"message":"Ignoring unsupported arg: auto_download"}}
[debug] [2022-04-27T23:37:53.094Z] Starting Firestore Emulator with command {"binary":"java","args":["-Dgoogle.cloud_firestore.debug_log_level=FINE","-Duser.language=en","-jar","/Users/crystaltang/.cache/firebase/emulators/cloud-firestore-emulator-v1.14.1.jar","--host","localhost","--port",8080,"--rules","/Users/crystaltang/Documents/CornellTech/Spring2022/CS5356/cs5356-emptyvoid/firestore.rules","--functions_emulator","localhost:5001"],"optionalArgs":["port","webchannel_port","host","rules","functions_emulator","seed_from_export"],"joinArgs":false} {"metadata":{"emulator":{"name":"firestore"},"message":"Starting Firestore Emulator with command {\"binary\":\"java\",\"args\":[\"-Dgoogle.cloud_firestore.debug_log_level=FINE\",\"-Duser.language=en\",\"-jar\",\"/Users/crystaltang/.cache/firebase/emulators/cloud-firestore-emulator-v1.14.1.jar\",\"--host\",\"localhost\",\"--port\",8080,\"--rules\",\"/Users/crystaltang/Documents/CornellTech/Spring2022/CS5356/cs5356-emptyvoid/firestore.rules\",\"--functions_emulator\",\"localhost:5001\"],\"optionalArgs\":[\"port\",\"webchannel_port\",\"host\",\"rules\",\"functions_emulator\",\"seed_from_export\"],\"joinArgs\":false}"}}
[info] i  firestore: Firestore Emulator logging to firestore-debug.log {"metadata":{"emulator":{"name":"firestore"},"message":"Firestore Emulator logging to \u001b[1mfirestore-debug.log\u001b[22m"}}
[debug] [2022-04-27T23:37:54.510Z] Apr 27, 2022 7:37:54 PM com.google.cloud.datastore.emulator.firestore.websocket.WebSocketServer start
INFO: Started WebSocket server on ws://localhost:49310
 {"metadata":{"emulator":{"name":"firestore"},"message":"Apr 27, 2022 7:37:54 PM com.google.cloud.datastore.emulator.firestore.websocket.WebSocketServer start\nINFO: Started WebSocket server on ws://localhost:49310\n"}}
[debug] [2022-04-27T23:37:54.529Z] API endpoint: http:// {"metadata":{"emulator":{"name":"firestore"},"message":"API endpoint: http://"}}
[debug] [2022-04-27T23:37:54.530Z] localhost:8080
If you are using a library that supports the FIRESTORE_EMULATOR_HOST environment variable, run:

   export FIRESTORE_EMULATOR_HOST=localhost:8080

Dev App Server is now running.

 {"metadata":{"emulator":{"name":"firestore"},"message":"localhost:8080\nIf you are using a library that supports the FIRESTORE_EMULATOR_HOST environment variable, run:\n\n   export FIRESTORE_EMULATOR_HOST=localhost:8080\n\nDev App Server is now running.\n\n"}}
[debug] [2022-04-27T23:37:54.616Z] >>> [apiv2][query] GET https://firebase.googleapis.com/v1beta1/projects/emptyvoid-47fab [none]
[debug] [2022-04-27T23:37:54.922Z] <<< [apiv2][status] GET https://firebase.googleapis.com/v1beta1/projects/emptyvoid-47fab 200
[debug] [2022-04-27T23:37:54.923Z] <<< [apiv2][body] GET https://firebase.googleapis.com/v1beta1/projects/emptyvoid-47fab {"projectId":"emptyvoid-47fab","projectNumber":"493812433604","displayName":"EmptyVoid","name":"projects/emptyvoid-47fab","resources":{"hostingSite":"emptyvoid-47fab","realtimeDatabaseInstance":"emptyvoid-47fab-default-rtdb","storageBucket":"emptyvoid-47fab.appspot.com","locationId":"us-central"},"state":"ACTIVE"}
[debug] [2022-04-27T23:37:54.923Z] database rules config:  [{"instance":"emptyvoid-47fab-default-rtdb","rules":"/Users/crystaltang/Documents/CornellTech/Spring2022/CS5356/cs5356-emptyvoid/database.rules.json"}]
[debug] [2022-04-27T23:37:54.928Z] Ignoring unsupported arg: projectId {"metadata":{"emulator":{"name":"database"},"message":"Ignoring unsupported arg: projectId"}}
[debug] [2022-04-27T23:37:54.928Z] Ignoring unsupported arg: auto_download {"metadata":{"emulator":{"name":"database"},"message":"Ignoring unsupported arg: auto_download"}}
[debug] [2022-04-27T23:37:54.928Z] Ignoring unsupported arg: rules {"metadata":{"emulator":{"name":"database"},"message":"Ignoring unsupported arg: rules"}}
[debug] [2022-04-27T23:37:54.928Z] Starting Database Emulator with command {"binary":"java","args":["-Duser.language=en","-jar","/Users/crystaltang/.cache/firebase/emulators/firebase-database-emulator-v4.7.3.jar","--host","localhost","--port",9000,"--functions_emulator_host","localhost","--functions_emulator_port",5001],"optionalArgs":["port","host","functions_emulator_port","functions_emulator_host"],"joinArgs":false} {"metadata":{"emulator":{"name":"database"},"message":"Starting Database Emulator with command {\"binary\":\"java\",\"args\":[\"-Duser.language=en\",\"-jar\",\"/Users/crystaltang/.cache/firebase/emulators/firebase-database-emulator-v4.7.3.jar\",\"--host\",\"localhost\",\"--port\",9000,\"--functions_emulator_host\",\"localhost\",\"--functions_emulator_port\",5001],\"optionalArgs\":[\"port\",\"host\",\"functions_emulator_port\",\"functions_emulator_host\"],\"joinArgs\":false}"}}
[info] i  database: Database Emulator logging to database-debug.log {"metadata":{"emulator":{"name":"database"},"message":"Database Emulator logging to \u001b[1mdatabase-debug.log\u001b[22m"}}
[debug] [2022-04-27T23:37:56.736Z] 19:37:56.735 [NamespaceSystem-akka.actor.default-dispatcher-4] INFO akka.event.slf4j.Slf4jLogger - Slf4jLogger started
 {"metadata":{"emulator":{"name":"database"},"message":"19:37:56.735 [NamespaceSystem-akka.actor.default-dispatcher-4] INFO akka.event.slf4j.Slf4jLogger - Slf4jLogger started\n"}}
[debug] [2022-04-27T23:37:56.913Z] 19:37:56.913 [main] INFO com.firebase.server.forge.App$ - Listening at localhost:9000
 {"metadata":{"emulator":{"name":"database"},"message":"19:37:56.913 [main] INFO com.firebase.server.forge.App$ - Listening at localhost:9000\n"}}
[debug] [2022-04-27T23:37:56.961Z] Ignoring unsupported arg: port {"metadata":{"emulator":{"name":"storage"},"message":"Ignoring unsupported arg: port"}}
[debug] [2022-04-27T23:37:58.186Z] Temp file directory for storage emulator: /var/folders/f4/6mm8ktwd0tq3jcws_y4ns8fc0000gn/T/firebase/storage/blobs {"metadata":{"emulator":{"name":"storage"},"message":"Temp file directory for storage emulator: /var/folders/f4/6mm8ktwd0tq3jcws_y4ns8fc0000gn/T/firebase/storage/blobs"}}
[debug] [2022-04-27T23:37:58.190Z] >>> [apiv2][query] GET https://firebasehosting.googleapis.com/v1beta1/projects/emptyvoid-47fab/sites 
[debug] [2022-04-27T23:37:58.877Z] <<< [apiv2][status] GET https://firebasehosting.googleapis.com/v1beta1/projects/emptyvoid-47fab/sites 200
[debug] [2022-04-27T23:37:58.878Z] <<< [apiv2][body] GET https://firebasehosting.googleapis.com/v1beta1/projects/emptyvoid-47fab/sites {"sites":[{"name":"projects/emptyvoid-47fab/sites/emptyvoid-47fab","defaultUrl":"https://emptyvoid-47fab.web.app","type":"DEFAULT_SITE"}]}
[debug] [2022-04-27T23:37:58.878Z] >>> [apiv2][query] GET https://firebase.googleapis.com/v1beta1/projects/emptyvoid-47fab/webApps/-/config [none]
[debug] [2022-04-27T23:37:59.354Z] <<< [apiv2][status] GET https://firebase.googleapis.com/v1beta1/projects/emptyvoid-47fab/webApps/-/config 200
[debug] [2022-04-27T23:37:59.355Z] <<< [apiv2][body] GET https://firebase.googleapis.com/v1beta1/projects/emptyvoid-47fab/webApps/-/config {"projectId":"emptyvoid-47fab","appId":"1:493812433604:web:fbfa8519284e8eef86bf91","databaseURL":"https://emptyvoid-47fab-default-rtdb.firebaseio.com","storageBucket":"emptyvoid-47fab.appspot.com","locationId":"us-central","apiKey":"AIzaSyD7iI_l0XTIhgiyQzaw5PADbdWFia7B9CY","authDomain":"emptyvoid-47fab.firebaseapp.com","messagingSenderId":"493812433604","measurementId":"G-8TKK2V9JSY"}
[info] i  hosting: Serving hosting files from: public {"metadata":{"emulator":{"name":"hosting"},"message":"Serving hosting files from: \u001b[1mpublic\u001b[22m"}}
[info] ✔  hosting: Local server: http://localhost:5002 {"metadata":{"emulator":{"name":"hosting"},"message":"Local server: \u001b[4m\u001b[1mhttp://localhost:5002\u001b[22m\u001b[24m"}}
[warn] ⚠  ui: Emulator UI unable to start on port 4000, starting on 4002 instead. {"metadata":{"emulator":{"name":"ui"},"message":"Emulator UI unable to start on port 4000, starting on 4002 instead."}}
[debug] [2022-04-27T23:37:59.415Z] Ignoring unsupported arg: auto_download {"metadata":{"emulator":{"name":"ui"},"message":"Ignoring unsupported arg: auto_download"}}
[debug] [2022-04-27T23:37:59.415Z] Ignoring unsupported arg: port {"metadata":{"emulator":{"name":"ui"},"message":"Ignoring unsupported arg: port"}}
[debug] [2022-04-27T23:37:59.415Z] Starting Emulator UI with command {"binary":"node","args":["/Users/crystaltang/.cache/firebase/emulators/ui-v1.6.5/server.bundle.js"],"optionalArgs":[],"joinArgs":false} {"metadata":{"emulator":{"name":"ui"},"message":"Starting Emulator UI with command {\"binary\":\"node\",\"args\":[\"/Users/crystaltang/.cache/firebase/emulators/ui-v1.6.5/server.bundle.js\"],\"optionalArgs\":[],\"joinArgs\":false}"}}
[info] i  ui: Emulator UI logging to ui-debug.log {"metadata":{"emulator":{"name":"ui"},"message":"Emulator UI logging to \u001b[1mui-debug.log\u001b[22m"}}
[debug] [2022-04-27T23:37:59.492Z] Web / API server started at localhost:4002
 {"metadata":{"emulator":{"name":"ui"},"message":"Web / API server started at localhost:4002\n"}}
[info] i  functions: Watching "/Users/crystaltang/Documents/CornellTech/Spring2022/CS5356/cs5356-emptyvoid/" for Cloud Functions... {"metadata":{"emulator":{"name":"functions"},"message":"Watching \"/Users/crystaltang/Documents/CornellTech/Spring2022/CS5356/cs5356-emptyvoid/\" for Cloud Functions..."}}
[debug] [2022-04-27T23:37:59.680Z] Validating nodejs source
[warn] ⚠  functions: package.json indicates an outdated version of firebase-functions. Please upgrade using npm install --save firebase-functions@latest in your functions directory. 
[debug] [2022-04-27T23:38:00.422Z] > [functions] package.json contents: {
  "name": "2022-cs-5356-milestone-1",
  "version": "1.0.0",
  "description": "",
  "main": "src/index.js",
  "scripts": {
    "start": "nodemon src/index.js"
  },
  "author": "",
  "license": "ISC",
  "dependencies": {
    "body-parser": "^1.19.1",
    "bulma": "^0.9.3",
    "casual": "^1.6.2",
    "cookie-parser": "^1.4.6",
    "ejs": "^3.1.6",
    "express": "^4.17.2",
    "firebase": "^8.10.0",
    "firebase-admin": "^10.0.2",
    "firebase-functions": "^3.19.0",
    "kill-port": "^1.6.1",
    "nodemon": "^2.0.15"
  },
  "devDependencies": {
    "cypress": "^9.3.1"
  }
}
[debug] [2022-04-27T23:38:00.422Z] Building nodejs source
[debug] [2022-04-27T23:38:00.422Z] Analyzing nodejs backend spec
[info] ✔  functions[us-central1-app]: http function initialized (http://localhost:5001/emptyvoid-47fab/us-central1/app). {"metadata":{"emulator":{"name":"functions"},"message":"\u001b[1mhttp\u001b[22m function initialized (http://localhost:5001/emptyvoid-47fab/us-central1/app)."}}
[debug] [2022-04-27T23:38:00.564Z] >>> HTTP REQUEST PUT http://localhost:9000/.settings/rules.json?ns=emptyvoid-47fab-default-rtdb  
 {
  /* Visit https://firebase.google.com/docs/database/security to learn more about security rules. */
  "rules": {
    ".read": false,
    ".write": false
  }
}
[debug] [2022-04-27T23:38:01.287Z] <<< HTTP RESPONSE 200 {"content-length":"15","content-type":"application/json; charset=utf-8","access-control-allow-origin":"*","cache-control":"no-cache","x-firebase-project-id":"emptyvoid-47fab-default-rtdb","x-firebase-project-number":"123456789","x-firebase-uuid":"a8907ebc-6675-47ee-a55f-8138cf1d6977"}
[info] 
┌─────────────────────────────────────────────────────────────┐
│ ✔  All emulators ready! It is now safe to connect your app. │
│ i  View Emulator UI at http://localhost:4002                │
└─────────────────────────────────────────────────────────────┘

┌───────────┬────────────────┬─────────────────────────────────┐
│ Emulator  │ Host:Port      │ View in Emulator UI             │
├───────────┼────────────────┼─────────────────────────────────┤
│ Functions │ localhost:5001 │ http://localhost:4002/functions │
├───────────┼────────────────┼─────────────────────────────────┤
│ Firestore │ localhost:8080 │ http://localhost:4002/firestore │
├───────────┼────────────────┼─────────────────────────────────┤
│ Database  │ localhost:9000 │ http://localhost:4002/database  │
├───────────┼────────────────┼─────────────────────────────────┤
│ Hosting   │ localhost:5002 │ n/a                             │
├───────────┼────────────────┼─────────────────────────────────┤
│ Storage   │ localhost:9199 │ http://localhost:4002/storage   │
└───────────┴────────────────┴─────────────────────────────────┘
  Emulator Hub running at localhost:4400
  Other reserved ports: 4500

Issues? Report them at https://github.com/firebase/firebase-tools/issues and attach the *-debug.log files.
 
[warn] ⚠  emulators: Support for Java version <= 10 will be dropped soon in firebase-tools@11. Please upgrade to Java version 11 or above to continue using the emulators. 
[debug] [2022-04-27T23:38:03.141Z] Apr 27, 2022 7:38:03 PM io.gapi.emulators.netty.HttpVersionRoutingHandler channelRead
INFO: Detected non-HTTP/2 connection.
 {"metadata":{"emulator":{"name":"firestore"},"message":"Apr 27, 2022 7:38:03 PM io.gapi.emulators.netty.HttpVersionRoutingHandler channelRead\nINFO: Detected non-HTTP/2 connection.\n"}}
[debug] [2022-04-27T23:38:03.279Z] Apr 27, 2022 7:38:03 PM io.gapi.emulators.netty.HttpVersionRoutingHandler channelRead
INFO: Detected non-HTTP/2 connection.
 {"metadata":{"emulator":{"name":"firestore"},"message":"Apr 27, 2022 7:38:03 PM io.gapi.emulators.netty.HttpVersionRoutingHandler channelRead\nINFO: Detected non-HTTP/2 connection.\n"}}
[info] [hosting] Rewriting /profile to http://localhost:5001/emptyvoid-47fab/us-central1/app for local Function us-central1/app
[debug] [2022-04-27T23:38:03.511Z] >>> [apiv2][query] GET http://localhost:5001/emptyvoid-47fab/us-central1/app/profile 
[debug] [2022-04-27T23:38:03.513Z] [work-queue] {"queueLength":1,"workRunningCount":0}
[debug] [2022-04-27T23:38:03.513Z] [work-queue] {"queueLength":0,"workRunningCount":1}
[debug] [2022-04-27T23:38:03.513Z] Accepted request GET /emptyvoid-47fab/us-central1/app/profile --> us-central1-app
[debug] [2022-04-27T23:38:03.518Z] [worker-pool] addWorker(us-central1-app) {"metadata":{"emulator":{"name":"functions"},"message":"[worker-pool] addWorker(us-central1-app)"}}
[debug] [2022-04-27T23:38:03.518Z] [worker-pool] Adding worker with key us-central1-app, total=1 {"metadata":{"emulator":{"name":"functions"},"message":"[worker-pool] Adding worker with key us-central1-app, total=1"}}
[debug] [2022-04-27T23:38:03.518Z] [worker-pool] submitWork(triggerId=us-central1-app) {"metadata":{"emulator":{"name":"functions"},"message":"[worker-pool] submitWork(triggerId=us-central1-app)"}}
[debug] [2022-04-27T23:38:03.518Z] [worker-us-central1-app-1a9c7477-3dd1-496f-a185-46b2c2f00fdc]: Assigning socketPath: /var/folders/f4/6mm8ktwd0tq3jcws_y4ns8fc0000gn/T/fire_emu_26680.sock {"metadata":{"emulator":{"name":"functions"},"message":"[worker-us-central1-app-1a9c7477-3dd1-496f-a185-46b2c2f00fdc]: Assigning socketPath: /var/folders/f4/6mm8ktwd0tq3jcws_y4ns8fc0000gn/T/fire_emu_26680.sock"}}
[debug] [2022-04-27T23:38:03.519Z] [worker-us-central1-app-1a9c7477-3dd1-496f-a185-46b2c2f00fdc]: BUSY {"metadata":{"emulator":{"name":"functions"},"message":"[worker-us-central1-app-1a9c7477-3dd1-496f-a185-46b2c2f00fdc]: BUSY"}}
[debug] [2022-04-27T23:38:04.317Z] [runtime-status] [26680] Functions runtime initialized. {"cwd":"/Users/crystaltang/Documents/CornellTech/Spring2022/CS5356/cs5356-emptyvoid","node_version":"16.14.2"} {"metadata":{"emulator":{"name":"functions"},"function":{"name":"us-central1-app"},"extension":{},"message":"[runtime-status] [26680] Functions runtime initialized. {\"cwd\":\"/Users/crystaltang/Documents/CornellTech/Spring2022/CS5356/cs5356-emptyvoid\",\"node_version\":\"16.14.2\"}"}}
[debug] [2022-04-27T23:38:04.317Z] [runtime-status] [26680] Disabled runtime features: undefined {"metadata":{"emulator":{"name":"functions"},"function":{"name":"us-central1-app"},"extension":{},"message":"[runtime-status] [26680] Disabled runtime features: undefined"}}
[debug] [2022-04-27T23:38:04.318Z] [runtime-status] [26680] Resolved module firebase-admin {"declared":true,"installed":true,"version":"10.0.2","resolution":"/Users/crystaltang/Documents/CornellTech/Spring2022/CS5356/cs5356-emptyvoid/node_modules/firebase-admin/lib/index.js"} {"metadata":{"emulator":{"name":"functions"},"function":{"name":"us-central1-app"},"extension":{},"message":"[runtime-status] [26680] Resolved module firebase-admin {\"declared\":true,\"installed\":true,\"version\":\"10.0.2\",\"resolution\":\"/Users/crystaltang/Documents/CornellTech/Spring2022/CS5356/cs5356-emptyvoid/node_modules/firebase-admin/lib/index.js\"}"}}
[debug] [2022-04-27T23:38:04.319Z] [runtime-status] [26680] Resolved module firebase-functions {"declared":true,"installed":true,"version":"3.19.0","resolution":"/Users/crystaltang/Documents/CornellTech/Spring2022/CS5356/cs5356-emptyvoid/node_modules/firebase-functions/lib/index.js"} {"metadata":{"emulator":{"name":"functions"},"function":{"name":"us-central1-app"},"extension":{},"message":"[runtime-status] [26680] Resolved module firebase-functions {\"declared\":true,\"installed\":true,\"version\":\"3.19.0\",\"resolution\":\"/Users/crystaltang/Documents/CornellTech/Spring2022/CS5356/cs5356-emptyvoid/node_modules/firebase-functions/lib/index.js\"}"}}
[debug] [2022-04-27T23:38:04.320Z] [runtime-status] [26680] Outgoing network have been stubbed. [{"name":"http","status":"mocked"},{"name":"http","status":"mocked"},{"name":"https","status":"mocked"},{"name":"https","status":"mocked"},{"name":"net","status":"mocked"}] {"metadata":{"emulator":{"name":"functions"},"function":{"name":"us-central1-app"},"extension":{},"message":"[runtime-status] [26680] Outgoing network have been stubbed. [{\"name\":\"http\",\"status\":\"mocked\"},{\"name\":\"http\",\"status\":\"mocked\"},{\"name\":\"https\",\"status\":\"mocked\"},{\"name\":\"https\",\"status\":\"mocked\"},{\"name\":\"net\",\"status\":\"mocked\"}]"}}
[debug] [2022-04-27T23:38:04.320Z] [runtime-status] [26680] Resolved module firebase-functions {"declared":true,"installed":true,"version":"3.19.0","resolution":"/Users/crystaltang/Documents/CornellTech/Spring2022/CS5356/cs5356-emptyvoid/node_modules/firebase-functions/lib/index.js"} {"metadata":{"emulator":{"name":"functions"},"function":{"name":"us-central1-app"},"extension":{},"message":"[runtime-status] [26680] Resolved module firebase-functions {\"declared\":true,\"installed\":true,\"version\":\"3.19.0\",\"resolution\":\"/Users/crystaltang/Documents/CornellTech/Spring2022/CS5356/cs5356-emptyvoid/node_modules/firebase-functions/lib/index.js\"}"}}
[debug] [2022-04-27T23:38:04.345Z] [runtime-status] [26680] Checked functions.config() {"config":{}} {"metadata":{"emulator":{"name":"functions"},"function":{"name":"us-central1-app"},"extension":{},"message":"[runtime-status] [26680] Checked functions.config() {\"config\":{}}"}}
[debug] [2022-04-27T23:38:04.345Z] [runtime-status] [26680] firebase-functions has been stubbed. {"functionsResolution":{"declared":true,"installed":true,"version":"3.19.0","resolution":"/Users/crystaltang/Documents/CornellTech/Spring2022/CS5356/cs5356-emptyvoid/node_modules/firebase-functions/lib/index.js"}} {"metadata":{"emulator":{"name":"functions"},"function":{"name":"us-central1-app"},"extension":{},"message":"[runtime-status] [26680] firebase-functions has been stubbed. {\"functionsResolution\":{\"declared\":true,\"installed\":true,\"version\":\"3.19.0\",\"resolution\":\"/Users/crystaltang/Documents/CornellTech/Spring2022/CS5356/cs5356-emptyvoid/node_modules/firebase-functions/lib/index.js\"}}"}}
[debug] [2022-04-27T23:38:04.345Z] [runtime-status] [26680] Resolved module firebase-functions {"declared":true,"installed":true,"version":"3.19.0","resolution":"/Users/crystaltang/Documents/CornellTech/Spring2022/CS5356/cs5356-emptyvoid/node_modules/firebase-functions/lib/index.js"} {"metadata":{"emulator":{"name":"functions"},"function":{"name":"us-central1-app"},"extension":{},"message":"[runtime-status] [26680] Resolved module firebase-functions {\"declared\":true,\"installed\":true,\"version\":\"3.19.0\",\"resolution\":\"/Users/crystaltang/Documents/CornellTech/Spring2022/CS5356/cs5356-emptyvoid/node_modules/firebase-functions/lib/index.js\"}"}}
[debug] [2022-04-27T23:38:04.346Z] [runtime-status] [26680] Resolved module firebase-admin {"declared":true,"installed":true,"version":"10.0.2","resolution":"/Users/crystaltang/Documents/CornellTech/Spring2022/CS5356/cs5356-emptyvoid/node_modules/firebase-admin/lib/index.js"} {"metadata":{"emulator":{"name":"functions"},"function":{"name":"us-central1-app"},"extension":{},"message":"[runtime-status] [26680] Resolved module firebase-admin {\"declared\":true,\"installed\":true,\"version\":\"10.0.2\",\"resolution\":\"/Users/crystaltang/Documents/CornellTech/Spring2022/CS5356/cs5356-emptyvoid/node_modules/firebase-admin/lib/index.js\"}"}}
[debug] [2022-04-27T23:38:04.346Z] [runtime-status] [26680] Resolved module firebase-functions {"declared":true,"installed":true,"version":"3.19.0","resolution":"/Users/crystaltang/Documents/CornellTech/Spring2022/CS5356/cs5356-emptyvoid/node_modules/firebase-functions/lib/index.js"} {"metadata":{"emulator":{"name":"functions"},"function":{"name":"us-central1-app"},"extension":{},"message":"[runtime-status] [26680] Resolved module firebase-functions {\"declared\":true,\"installed\":true,\"version\":\"3.19.0\",\"resolution\":\"/Users/crystaltang/Documents/CornellTech/Spring2022/CS5356/cs5356-emptyvoid/node_modules/firebase-functions/lib/index.js\"}"}}
[debug] [2022-04-27T23:38:04.346Z] [runtime-status] [26680] firebase-admin has been stubbed. {"adminResolution":{"declared":true,"installed":true,"version":"10.0.2","resolution":"/Users/crystaltang/Documents/CornellTech/Spring2022/CS5356/cs5356-emptyvoid/node_modules/firebase-admin/lib/index.js"}} {"metadata":{"emulator":{"name":"functions"},"function":{"name":"us-central1-app"},"extension":{},"message":"[runtime-status] [26680] firebase-admin has been stubbed. {\"adminResolution\":{\"declared\":true,\"installed\":true,\"version\":\"10.0.2\",\"resolution\":\"/Users/crystaltang/Documents/CornellTech/Spring2022/CS5356/cs5356-emptyvoid/node_modules/firebase-admin/lib/index.js\"}}"}}
[debug] [2022-04-27T23:38:04.386Z] [runtime-status] [26680] initializeApp(DEFAULT) {"credential":{"implicit":false,"projectId":"emptyvoid-47fab","privateKey":"-----BEGIN PRIVATE KEY-----\nMIIEvgIBADANBgkqhkiG9w0BAQEFAASCBKgwggSkAgEAAoIBAQCdPnz1RbW8mbVK\nBp/4je15OQWGfRVQytne+xL9YHZLfoc5iOV9qCs1jUq8S7u9TWthQbtfwGK9DvVJ\nTGZRL/qq/FtQntHA4eqIggMJ5usDqsXe3bH4SjogbNL0anGWgIhgh1ewOw5m3l8b\nzjc1AcAvjMXwbDCCtZdGcF65qC7sTNEz6QSntKZpzYtsLe1kDsFmQG75LGvPaPJl\n3jxOsu/9G5p3AxE52TiKcDVqqIuiSe965kkpzeU39oKd+LYV+LdeMeqcxL/0Q0AM\nGHLtoWIfHnvm/fyrU93V9acI1Gfaiy8cdo/1etyUL1o2djd2VW0CvnXsYn04Ne5D\n/1s40bojAgMBAAECggEALXQxSfNXOAgUrCvjFUXtphOSIdDJlxu0RC0+zYiTWXpf\nW4XTlPHGX8oSlwCraerVxfzqzaB+yljnFcOkdgaRBtlBCjqGtqN3mPNALp4WRG6a\nmTRrrDLEv7fFeUrFv/Qyt/iXpAVGQf048AA53DQ/2l7unvOfSEF207FK6I8R1VNh\nSgAn8KzAN7u6M4fDy+DDNqOwENusW+IZUZIJh5UoPPXDxlKSEBeY6mRepSPXO4vV\n3MotVKgL+GNdvvrYbtoIgeqfkWuBUrKNQPRX5J0yzh+lz6aUB0/urzQW7vB1FYYW\nAMIkoQ7vR4y4PQuL4lO9hDb0xErET8sndIYHui5rtQKBgQDLnsTm8ptGWKCNmoox\nDdzffYyGGEQ7tY6ehJS589uW30iHewM/ZiU7837k6+HzV/gnUbjm+akAkLahPLjl\nd9NjCsv+KtjRKWY0WVQRTG7HvMwepxW/nYMsYXlkcKKgUyKiXqSY3gfKK8GXIWd1\nwwGjs5tDZ3XNPGjGshxySzRnDwKBgQDFsalNcecBpOVDuA9E27KBlqpta/X9GEW6\nPWpADsQwWjwraIFZ/zFosDHi9RqZ5KVCuTam5eChN394s8lRuERnoUeKG/Mt5yQ0\n5lvpyDV7gkfu19ZMH2O8lM4e+TM7VIdww7ypyW/rNNsWGn/lgVxXoVvRVgUas/PP\n9jAe496brQKBgEj5EnnuEkXIt2loLARegny54uWfxrxbWcxnmWF3CohsZvLe3BAZ\njFiK8DwcaTKroSx+NjTY3n9sXXc1atIZ+nDxSqBBPMjg/FbgeKdmbAE7ITAPE1VD\nnuIF4NplH3MzuCLWpkh+se37dnqyJwDmLS08zfT/HBG8h5RF+rnfR91zAoGBAKfZ\nNtCdQ7A+q7U6YiRpj/68yEiNIFbaM+FzYXGv19zh0DJe0Wxy4iVra3+x8Pr2iWXE\nUWWUyYq3zw/RPb2XgOSnp1DYeDjiBfiwGRu9s8MAk0hzkuwgvpKPmQ3tMRVPqIsS\ndW2GrPJ7dwQmTa6zjY6NXqK2sTDB1uEbujGP8SIlAoGBAMA7nI8n9z8+6HYNfv2h\nd7yVFMMDSmFDfuB8jz8KPtQNZWgMM6FGHTBFv6r/dibY0V34WL7TlgrgPudyPmyY\n+JaaTSKUa/dXA2H0HIxOkuJI5IEY9A8PiWExrK3qSTGcpe9CRlwHvcQcunhv0fIR\nvjRrZhmUQ+GJJVxJjI/07cFH\n-----END PRIVATE KEY-----\n","clientEmail":"firebase-adminsdk-z7e39@emptyvoid-47fab.iam.gserviceaccount.com","httpClient":{"retry":{"maxRetries":4,"statusCodes":[503],"ioErrorCodes":["ECONNRESET","ETIMEDOUT"],"backOffFactor":0.5,"maxDelayInMillis":60000}}}} {"metadata":{"emulator":{"name":"functions"},"function":{"name":"us-central1-app"},"extension":{},"message":"[runtime-status] [26680] initializeApp(DEFAULT) {\"credential\":{\"implicit\":false,\"projectId\":\"emptyvoid-47fab\",\"privateKey\":\"-----BEGIN PRIVATE KEY-----\\nMIIEvgIBADANBgkqhkiG9w0BAQEFAASCBKgwggSkAgEAAoIBAQCdPnz1RbW8mbVK\\nBp/4je15OQWGfRVQytne+xL9YHZLfoc5iOV9qCs1jUq8S7u9TWthQbtfwGK9DvVJ\\nTGZRL/qq/FtQntHA4eqIggMJ5usDqsXe3bH4SjogbNL0anGWgIhgh1ewOw5m3l8b\\nzjc1AcAvjMXwbDCCtZdGcF65qC7sTNEz6QSntKZpzYtsLe1kDsFmQG75LGvPaPJl\\n3jxOsu/9G5p3AxE52TiKcDVqqIuiSe965kkpzeU39oKd+LYV+LdeMeqcxL/0Q0AM\\nGHLtoWIfHnvm/fyrU93V9acI1Gfaiy8cdo/1etyUL1o2djd2VW0CvnXsYn04Ne5D\\n/1s40bojAgMBAAECggEALXQxSfNXOAgUrCvjFUXtphOSIdDJlxu0RC0+zYiTWXpf\\nW4XTlPHGX8oSlwCraerVxfzqzaB+yljnFcOkdgaRBtlBCjqGtqN3mPNALp4WRG6a\\nmTRrrDLEv7fFeUrFv/Qyt/iXpAVGQf048AA53DQ/2l7unvOfSEF207FK6I8R1VNh\\nSgAn8KzAN7u6M4fDy+DDNqOwENusW+IZUZIJh5UoPPXDxlKSEBeY6mRepSPXO4vV\\n3MotVKgL+GNdvvrYbtoIgeqfkWuBUrKNQPRX5J0yzh+lz6aUB0/urzQW7vB1FYYW\\nAMIkoQ7vR4y4PQuL4lO9hDb0xErET8sndIYHui5rtQKBgQDLnsTm8ptGWKCNmoox\\nDdzffYyGGEQ7tY6ehJS589uW30iHewM/ZiU7837k6+HzV/gnUbjm+akAkLahPLjl\\nd9NjCsv+KtjRKWY0WVQRTG7HvMwepxW/nYMsYXlkcKKgUyKiXqSY3gfKK8GXIWd1\\nwwGjs5tDZ3XNPGjGshxySzRnDwKBgQDFsalNcecBpOVDuA9E27KBlqpta/X9GEW6\\nPWpADsQwWjwraIFZ/zFosDHi9RqZ5KVCuTam5eChN394s8lRuERnoUeKG/Mt5yQ0\\n5lvpyDV7gkfu19ZMH2O8lM4e+TM7VIdww7ypyW/rNNsWGn/lgVxXoVvRVgUas/PP\\n9jAe496brQKBgEj5EnnuEkXIt2loLARegny54uWfxrxbWcxnmWF3CohsZvLe3BAZ\\njFiK8DwcaTKroSx+NjTY3n9sXXc1atIZ+nDxSqBBPMjg/FbgeKdmbAE7ITAPE1VD\\nnuIF4NplH3MzuCLWpkh+se37dnqyJwDmLS08zfT/HBG8h5RF+rnfR91zAoGBAKfZ\\nNtCdQ7A+q7U6YiRpj/68yEiNIFbaM+FzYXGv19zh0DJe0Wxy4iVra3+x8Pr2iWXE\\nUWWUyYq3zw/RPb2XgOSnp1DYeDjiBfiwGRu9s8MAk0hzkuwgvpKPmQ3tMRVPqIsS\\ndW2GrPJ7dwQmTa6zjY6NXqK2sTDB1uEbujGP8SIlAoGBAMA7nI8n9z8+6HYNfv2h\\nd7yVFMMDSmFDfuB8jz8KPtQNZWgMM6FGHTBFv6r/dibY0V34WL7TlgrgPudyPmyY\\n+JaaTSKUa/dXA2H0HIxOkuJI5IEY9A8PiWExrK3qSTGcpe9CRlwHvcQcunhv0fIR\\nvjRrZhmUQ+GJJVxJjI/07cFH\\n-----END PRIVATE KEY-----\\n\",\"clientEmail\":\"firebase-adminsdk-z7e39@emptyvoid-47fab.iam.gserviceaccount.com\",\"httpClient\":{\"retry\":{\"maxRetries\":4,\"statusCodes\":[503],\"ioErrorCodes\":[\"ECONNRESET\",\"ETIMEDOUT\"],\"backOffFactor\":0.5,\"maxDelayInMillis\":60000}}}}"}}
[info] >  Server started at http://localhost:80 {"user":"Server started at http://localhost:80","metadata":{"emulator":{"name":"functions"},"function":{"name":"us-central1-app"},"extension":{},"message":"\u001b[90m> \u001b[39m Server started at http://localhost:80"}}
[debug] [2022-04-27T23:38:04.406Z] [runtime-status] [26680] Beginning invocation function app! {"metadata":{"emulator":{"name":"functions"},"function":{"name":"us-central1-app"},"extension":{},"message":"[runtime-status] [26680] Beginning invocation function app!"}}
[info] i  functions: Beginning execution of "app" {"metadata":{"emulator":{"name":"functions"},"function":{"name":"us-central1-app"},"extension":{},"message":"Beginning execution of \"app\""}}
[debug] [2022-04-27T23:38:04.406Z] [runtime-status] [26680] Running app in signature http {"metadata":{"emulator":{"name":"functions"},"function":{"name":"us-central1-app"},"extension":{},"message":"[runtime-status] [26680] Running app in signature http"}}
[debug] [2022-04-27T23:38:04.407Z] [runtime-status] [26680] Attempting to listen to socketPath: /var/folders/f4/6mm8ktwd0tq3jcws_y4ns8fc0000gn/T/fire_emu_26680.sock {"metadata":{"emulator":{"name":"functions"},"function":{"name":"us-central1-app"},"extension":{},"message":"[runtime-status] [26680] Attempting to listen to socketPath: /var/folders/f4/6mm8ktwd0tq3jcws_y4ns8fc0000gn/T/fire_emu_26680.sock"}}
[debug] [2022-04-27T23:38:04.410Z] [functions] Runtime ready! Sending request! {"metadata":{"emulator":{"name":"functions"},"message":"[functions] Runtime ready! Sending request!"}}
[debug] [2022-04-27T23:38:04.410Z] [functions] Got req.url=/emptyvoid-47fab/us-central1/app/profile, mapping to path=/profile {"metadata":{"emulator":{"name":"functions"},"message":"[functions] Got req.url=/emptyvoid-47fab/us-central1/app/profile, mapping to path=/profile"}}
[debug] [2022-04-27T23:38:04.412Z] [runtime-status] [26680] Ephemeral server handling GET request {"metadata":{"emulator":{"name":"functions"},"function":{"name":"us-central1-app"},"extension":{},"message":"[runtime-status] [26680] Ephemeral server handling GET request"}}
[warn] ⚠  functions: The Firebase Authentication emulator is not running, so calls to Firebase Authentication will affect production. {"metadata":{"emulator":{"name":"functions"},"function":{"name":"us-central1-app"},"extension":{},"message":"The Firebase Authentication emulator is not running, so calls to Firebase Authentication will affect production."}}
[debug] [2022-04-27T23:38:04.494Z] [runtime-status] [26680] Ephemeral server survived. {"metadata":{"emulator":{"name":"functions"},"function":{"name":"us-central1-app"},"extension":{},"message":"[runtime-status] [26680] Ephemeral server survived."}}
[debug] [2022-04-27T23:38:04.527Z] Apr 27, 2022 7:38:04 PM io.gapi.emulators.netty.HttpVersionRoutingHandler channelRead
INFO: Detected non-HTTP/2 connection.
 {"metadata":{"emulator":{"name":"firestore"},"message":"Apr 27, 2022 7:38:04 PM io.gapi.emulators.netty.HttpVersionRoutingHandler channelRead\nINFO: Detected non-HTTP/2 connection.\n"}}
[info] >  Logged in: help@help.com {"user":"Logged in: help@help.com","metadata":{"emulator":{"name":"functions"},"function":{"name":"us-central1-app"},"extension":{},"message":"\u001b[90m> \u001b[39m Logged in: help@help.com"}}
[debug] [2022-04-27T23:38:05.045Z] Apr 27, 2022 7:38:05 PM io.gapi.emulators.netty.HttpVersionRoutingHandler channelRead
INFO: Detected HTTP/2 connection.
 {"metadata":{"emulator":{"name":"firestore"},"message":"Apr 27, 2022 7:38:05 PM io.gapi.emulators.netty.HttpVersionRoutingHandler channelRead\nINFO: Detected HTTP/2 connection.\n"}}
[info] >  [] {"user":[],"metadata":{"emulator":{"name":"functions"},"function":{"name":"us-central1-app"},"extension":{},"message":"\u001b[90m> \u001b[39m []"}}
[info] >  TypeError: /Users/crystaltang/Documents/CornellTech/Spring2022/CS5356/cs5356-emptyvoid/src/views/pages/profile.ejs:28 {"user":"TypeError: /Users/crystaltang/Documents/CornellTech/Spring2022/CS5356/cs5356-emptyvoid/src/views/pages/profile.ejs:28","metadata":{"emulator":{"name":"functions"},"function":{"name":"us-central1-app"},"extension":{},"message":"\u001b[90m> \u001b[39m TypeError: /Users/crystaltang/Documents/CornellTech/Spring2022/CS5356/cs5356-emptyvoid/src/views/pages/profile.ejs:28"}}
[info] >      26| <body> {"user":"    26| <body>","metadata":{"emulator":{"name":"functions"},"function":{"name":"us-central1-app"},"extension":{},"message":"\u001b[90m> \u001b[39m     26| <body>"}}
[info] >      27|   <header> {"user":"    27|   <header>","metadata":{"emulator":{"name":"functions"},"function":{"name":"us-central1-app"},"extension":{},"message":"\u001b[90m> \u001b[39m     27|   <header>"}}
[info] >   >> 28|     <%- include('../partials/nav', { email: user.email }) %> {"user":" >> 28|     <%- include('../partials/nav', { email: user.email }) %>","metadata":{"emulator":{"name":"functions"},"function":{"name":"us-central1-app"},"extension":{},"message":"\u001b[90m> \u001b[39m  >> 28|     <%- include('../partials/nav', { email: user.email }) %>"}}
[info] >      29|   </header> {"user":"    29|   </header>","metadata":{"emulator":{"name":"functions"},"function":{"name":"us-central1-app"},"extension":{},"message":"\u001b[90m> \u001b[39m     29|   </header>"}}
[info] >      30|  {"user":"    30| ","metadata":{"emulator":{"name":"functions"},"function":{"name":"us-central1-app"},"extension":{},"message":"\u001b[90m> \u001b[39m     30| "}}
[info] >      31|   <div class="container"> {"user":"    31|   <div class=\"container\">","metadata":{"emulator":{"name":"functions"},"function":{"name":"us-central1-app"},"extension":{},"message":"\u001b[90m> \u001b[39m     31|   <div class=\"container\">"}}
[info] >   {"user":"","metadata":{"emulator":{"name":"functions"},"function":{"name":"us-central1-app"},"extension":{},"message":"\u001b[90m> \u001b[39m "}}
[info] >  Cannot read properties of undefined (reading 'email') {"user":"Cannot read properties of undefined (reading 'email')","metadata":{"emulator":{"name":"functions"},"function":{"name":"us-central1-app"},"extension":{},"message":"\u001b[90m> \u001b[39m Cannot read properties of undefined (reading 'email')"}}
[info] >      at eval ("/Users/crystaltang/Documents/CornellTech/Spring2022/CS5356/cs5356-emptyvoid/src/views/pages/profile.ejs":15:58) {"user":"    at eval (\"/Users/crystaltang/Documents/CornellTech/Spring2022/CS5356/cs5356-emptyvoid/src/views/pages/profile.ejs\":15:58)","metadata":{"emulator":{"name":"functions"},"function":{"name":"us-central1-app"},"extension":{},"message":"\u001b[90m> \u001b[39m     at eval (\"/Users/crystaltang/Documents/CornellTech/Spring2022/CS5356/cs5356-emptyvoid/src/views/pages/profile.ejs\":15:58)"}}
[info] >      at profile (/Users/crystaltang/Documents/CornellTech/Spring2022/CS5356/cs5356-emptyvoid/node_modules/ejs/lib/ejs.js:692:17) {"user":"    at profile (/Users/crystaltang/Documents/CornellTech/Spring2022/CS5356/cs5356-emptyvoid/node_modules/ejs/lib/ejs.js:692:17)","metadata":{"emulator":{"name":"functions"},"function":{"name":"us-central1-app"},"extension":{},"message":"\u001b[90m> \u001b[39m     at profile (/Users/crystaltang/Documents/CornellTech/Spring2022/CS5356/cs5356-emptyvoid/node_modules/ejs/lib/ejs.js:692:17)"}}
[info] >      at tryHandleCache (/Users/crystaltang/Documents/CornellTech/Spring2022/CS5356/cs5356-emptyvoid/node_modules/ejs/lib/ejs.js:272:36) {"user":"    at tryHandleCache (/Users/crystaltang/Documents/CornellTech/Spring2022/CS5356/cs5356-emptyvoid/node_modules/ejs/lib/ejs.js:272:36)","metadata":{"emulator":{"name":"functions"},"function":{"name":"us-central1-app"},"extension":{},"message":"\u001b[90m> \u001b[39m     at tryHandleCache (/Users/crystaltang/Documents/CornellTech/Spring2022/CS5356/cs5356-emptyvoid/node_modules/ejs/lib/ejs.js:272:36)"}}
[info] >      at View.exports.renderFile [as engine] (/Users/crystaltang/Documents/CornellTech/Spring2022/CS5356/cs5356-emptyvoid/node_modules/ejs/lib/ejs.js:489:10) {"user":"    at View.exports.renderFile [as engine] (/Users/crystaltang/Documents/CornellTech/Spring2022/CS5356/cs5356-emptyvoid/node_modules/ejs/lib/ejs.js:489:10)","metadata":{"emulator":{"name":"functions"},"function":{"name":"us-central1-app"},"extension":{},"message":"\u001b[90m> \u001b[39m     at View.exports.renderFile [as engine] (/Users/crystaltang/Documents/CornellTech/Spring2022/CS5356/cs5356-emptyvoid/node_modules/ejs/lib/ejs.js:489:10)"}}
[info] >      at View.render (/Users/crystaltang/Documents/CornellTech/Spring2022/CS5356/cs5356-emptyvoid/node_modules/express/lib/view.js:135:8) {"user":"    at View.render (/Users/crystaltang/Documents/CornellTech/Spring2022/CS5356/cs5356-emptyvoid/node_modules/express/lib/view.js:135:8)","metadata":{"emulator":{"name":"functions"},"function":{"name":"us-central1-app"},"extension":{},"message":"\u001b[90m> \u001b[39m     at View.render (/Users/crystaltang/Documents/CornellTech/Spring2022/CS5356/cs5356-emptyvoid/node_modules/express/lib/view.js:135:8)"}}
[info] >      at tryRender (/Users/crystaltang/Documents/CornellTech/Spring2022/CS5356/cs5356-emptyvoid/node_modules/express/lib/application.js:640:10) {"user":"    at tryRender (/Users/crystaltang/Documents/CornellTech/Spring2022/CS5356/cs5356-emptyvoid/node_modules/express/lib/application.js:640:10)","metadata":{"emulator":{"name":"functions"},"function":{"name":"us-central1-app"},"extension":{},"message":"\u001b[90m> \u001b[39m     at tryRender (/Users/crystaltang/Documents/CornellTech/Spring2022/CS5356/cs5356-emptyvoid/node_modules/express/lib/application.js:640:10)"}}
[info] >      at Function.render (/Users/crystaltang/Documents/CornellTech/Spring2022/CS5356/cs5356-emptyvoid/node_modules/express/lib/application.js:592:3) {"user":"    at Function.render (/Users/crystaltang/Documents/CornellTech/Spring2022/CS5356/cs5356-emptyvoid/node_modules/express/lib/application.js:592:3)","metadata":{"emulator":{"name":"functions"},"function":{"name":"us-central1-app"},"extension":{},"message":"\u001b[90m> \u001b[39m     at Function.render (/Users/crystaltang/Documents/CornellTech/Spring2022/CS5356/cs5356-emptyvoid/node_modules/express/lib/application.js:592:3)"}}
[info] >      at ServerResponse.render (/Users/crystaltang/Documents/CornellTech/Spring2022/CS5356/cs5356-emptyvoid/node_modules/express/lib/response.js:1017:7) {"user":"    at ServerResponse.render (/Users/crystaltang/Documents/CornellTech/Spring2022/CS5356/cs5356-emptyvoid/node_modules/express/lib/response.js:1017:7)","metadata":{"emulator":{"name":"functions"},"function":{"name":"us-central1-app"},"extension":{},"message":"\u001b[90m> \u001b[39m     at ServerResponse.render (/Users/crystaltang/Documents/CornellTech/Spring2022/CS5356/cs5356-emptyvoid/node_modules/express/lib/response.js:1017:7)"}}
[info] >      at /Users/crystaltang/Documents/CornellTech/Spring2022/CS5356/cs5356-emptyvoid/src/index.js:117:7 {"user":"    at /Users/crystaltang/Documents/CornellTech/Spring2022/CS5356/cs5356-emptyvoid/src/index.js:117:7","metadata":{"emulator":{"name":"functions"},"function":{"name":"us-central1-app"},"extension":{},"message":"\u001b[90m> \u001b[39m     at /Users/crystaltang/Documents/CornellTech/Spring2022/CS5356/cs5356-emptyvoid/src/index.js:117:7"}}
[info] >      at processTicksAndRejections (node:internal/process/task_queues:96:5) {"user":"    at processTicksAndRejections (node:internal/process/task_queues:96:5)","metadata":{"emulator":{"name":"functions"},"function":{"name":"us-central1-app"},"extension":{},"message":"\u001b[90m> \u001b[39m     at processTicksAndRejections (node:internal/process/task_queues:96:5)"}}
[debug] [2022-04-27T23:38:05.294Z] <<< [apiv2][status] GET http://localhost:5001/emptyvoid-47fab/us-central1/app/profile 500
[debug] [2022-04-27T23:38:05.294Z] <<< [apiv2][body] GET http://localhost:5001/emptyvoid-47fab/us-central1/app/profile [stream]
[info] i  hosting: 127.0.0.1 - - [27/Apr/2022:23:38:05 +0000] "GET /profile HTTP/1.1" 500 2063 "http://localhost:5002/dashboard" "Mozilla/5.0 (Macintosh; Intel Mac OS X 10_15_7) AppleWebKit/537.36 (KHTML, like Gecko) Chrome/101.0.4951.41 Safari/537.36" {"metadata":{"emulator":{"name":"hosting"},"message":"127.0.0.1 - - [27/Apr/2022:23:38:05 +0000] \"GET /profile HTTP/1.1\" 500 2063 \"http://localhost:5002/dashboard\" \"Mozilla/5.0 (Macintosh; Intel Mac OS X 10_15_7) AppleWebKit/537.36 (KHTML, like Gecko) Chrome/101.0.4951.41 Safari/537.36\""}}
[info] i  functions: Finished "app" in ~1s {"metadata":{"emulator":{"name":"functions"},"function":{"name":"us-central1-app"},"extension":{},"message":"Finished \"app\" in ~1s"}}
[debug] [2022-04-27T23:38:05.296Z] [worker-us-central1-app-1a9c7477-3dd1-496f-a185-46b2c2f00fdc]: IDLE {"metadata":{"emulator":{"name":"functions"},"message":"[worker-us-central1-app-1a9c7477-3dd1-496f-a185-46b2c2f00fdc]: IDLE"}}
[debug] [2022-04-27T23:38:05.296Z] [work-queue] {"queueLength":0,"workRunningCount":0}
[info] [hosting] Rewriting / to http://localhost:5001/emptyvoid-47fab/us-central1/app for local Function us-central1/app
[debug] [2022-04-27T23:38:09.198Z] >>> [apiv2][query] GET http://localhost:5001/emptyvoid-47fab/us-central1/app/ 
[debug] [2022-04-27T23:38:09.206Z] [work-queue] {"queueLength":1,"workRunningCount":0}
[debug] [2022-04-27T23:38:09.206Z] [work-queue] {"queueLength":0,"workRunningCount":1}
[debug] [2022-04-27T23:38:09.206Z] Accepted request GET /emptyvoid-47fab/us-central1/app/ --> us-central1-app
[debug] [2022-04-27T23:38:09.207Z] [worker-pool] submitWork(triggerId=us-central1-app) {"metadata":{"emulator":{"name":"functions"},"message":"[worker-pool] submitWork(triggerId=us-central1-app)"}}
[debug] [2022-04-27T23:38:09.207Z] [worker-us-central1-app-1a9c7477-3dd1-496f-a185-46b2c2f00fdc]: Assigning socketPath: /var/folders/f4/6mm8ktwd0tq3jcws_y4ns8fc0000gn/T/fire_emu_26680.sock {"metadata":{"emulator":{"name":"functions"},"message":"[worker-us-central1-app-1a9c7477-3dd1-496f-a185-46b2c2f00fdc]: Assigning socketPath: /var/folders/f4/6mm8ktwd0tq3jcws_y4ns8fc0000gn/T/fire_emu_26680.sock"}}
[debug] [2022-04-27T23:38:09.207Z] [worker-us-central1-app-1a9c7477-3dd1-496f-a185-46b2c2f00fdc]: BUSY {"metadata":{"emulator":{"name":"functions"},"message":"[worker-us-central1-app-1a9c7477-3dd1-496f-a185-46b2c2f00fdc]: BUSY"}}
[debug] [2022-04-27T23:38:09.208Z] [runtime-status] [26680] Beginning invocation function app! {"metadata":{"emulator":{"name":"functions"},"function":{"name":"us-central1-app"},"extension":{},"message":"[runtime-status] [26680] Beginning invocation function app!"}}
[info] i  functions: Beginning execution of "app" {"metadata":{"emulator":{"name":"functions"},"function":{"name":"us-central1-app"},"extension":{},"message":"Beginning execution of \"app\""}}
[debug] [2022-04-27T23:38:09.208Z] [runtime-status] [26680] Running app in signature http {"metadata":{"emulator":{"name":"functions"},"function":{"name":"us-central1-app"},"extension":{},"message":"[runtime-status] [26680] Running app in signature http"}}
[debug] [2022-04-27T23:38:09.210Z] [runtime-status] [26680] Attempting to listen to socketPath: /var/folders/f4/6mm8ktwd0tq3jcws_y4ns8fc0000gn/T/fire_emu_26680.sock {"metadata":{"emulator":{"name":"functions"},"function":{"name":"us-central1-app"},"extension":{},"message":"[runtime-status] [26680] Attempting to listen to socketPath: /var/folders/f4/6mm8ktwd0tq3jcws_y4ns8fc0000gn/T/fire_emu_26680.sock"}}
[debug] [2022-04-27T23:38:09.212Z] [functions] Runtime ready! Sending request! {"metadata":{"emulator":{"name":"functions"},"message":"[functions] Runtime ready! Sending request!"}}
[debug] [2022-04-27T23:38:09.212Z] [functions] Got req.url=/emptyvoid-47fab/us-central1/app/, mapping to path=/ {"metadata":{"emulator":{"name":"functions"},"message":"[functions] Got req.url=/emptyvoid-47fab/us-central1/app/, mapping to path=/"}}
[debug] [2022-04-27T23:38:09.214Z] [runtime-status] [26680] Ephemeral server handling GET request {"metadata":{"emulator":{"name":"functions"},"function":{"name":"us-central1-app"},"extension":{},"message":"[runtime-status] [26680] Ephemeral server handling GET request"}}
[debug] [2022-04-27T23:38:09.222Z] [runtime-status] [26680] Ephemeral server survived. {"metadata":{"emulator":{"name":"functions"},"function":{"name":"us-central1-app"},"extension":{},"message":"[runtime-status] [26680] Ephemeral server survived."}}
[debug] [2022-04-27T23:38:09.223Z] <<< [apiv2][status] GET http://localhost:5001/emptyvoid-47fab/us-central1/app/ 200
[debug] [2022-04-27T23:38:09.223Z] <<< [apiv2][body] GET http://localhost:5001/emptyvoid-47fab/us-central1/app/ [stream]
[info] i  hosting: 127.0.0.1 - - [27/Apr/2022:23:38:09 +0000] "GET / HTTP/1.1" 200 4388 "-" "Mozilla/5.0 (Macintosh; Intel Mac OS X 10_15_7) AppleWebKit/537.36 (KHTML, like Gecko) Chrome/101.0.4951.41 Safari/537.36" {"metadata":{"emulator":{"name":"hosting"},"message":"127.0.0.1 - - [27/Apr/2022:23:38:09 +0000] \"GET / HTTP/1.1\" 200 4388 \"-\" \"Mozilla/5.0 (Macintosh; Intel Mac OS X 10_15_7) AppleWebKit/537.36 (KHTML, like Gecko) Chrome/101.0.4951.41 Safari/537.36\""}}
[info] i  functions: Finished "app" in ~1s {"metadata":{"emulator":{"name":"functions"},"function":{"name":"us-central1-app"},"extension":{},"message":"Finished \"app\" in ~1s"}}
[debug] [2022-04-27T23:38:09.224Z] [worker-us-central1-app-1a9c7477-3dd1-496f-a185-46b2c2f00fdc]: IDLE {"metadata":{"emulator":{"name":"functions"},"message":"[worker-us-central1-app-1a9c7477-3dd1-496f-a185-46b2c2f00fdc]: IDLE"}}
[debug] [2022-04-27T23:38:09.224Z] [work-queue] {"queueLength":0,"workRunningCount":0}
[info] [hosting] Rewriting /sign-up to http://localhost:5001/emptyvoid-47fab/us-central1/app for local Function us-central1/app
[debug] [2022-04-27T23:38:12.000Z] >>> [apiv2][query] GET http://localhost:5001/emptyvoid-47fab/us-central1/app/sign-up 
[debug] [2022-04-27T23:38:12.004Z] [work-queue] {"queueLength":1,"workRunningCount":0}
[debug] [2022-04-27T23:38:12.004Z] [work-queue] {"queueLength":0,"workRunningCount":1}
[debug] [2022-04-27T23:38:12.004Z] Accepted request GET /emptyvoid-47fab/us-central1/app/sign-up --> us-central1-app
[debug] [2022-04-27T23:38:12.005Z] [worker-pool] submitWork(triggerId=us-central1-app) {"metadata":{"emulator":{"name":"functions"},"message":"[worker-pool] submitWork(triggerId=us-central1-app)"}}
[debug] [2022-04-27T23:38:12.005Z] [worker-us-central1-app-1a9c7477-3dd1-496f-a185-46b2c2f00fdc]: Assigning socketPath: /var/folders/f4/6mm8ktwd0tq3jcws_y4ns8fc0000gn/T/fire_emu_26680.sock {"metadata":{"emulator":{"name":"functions"},"message":"[worker-us-central1-app-1a9c7477-3dd1-496f-a185-46b2c2f00fdc]: Assigning socketPath: /var/folders/f4/6mm8ktwd0tq3jcws_y4ns8fc0000gn/T/fire_emu_26680.sock"}}
[debug] [2022-04-27T23:38:12.005Z] [worker-us-central1-app-1a9c7477-3dd1-496f-a185-46b2c2f00fdc]: BUSY {"metadata":{"emulator":{"name":"functions"},"message":"[worker-us-central1-app-1a9c7477-3dd1-496f-a185-46b2c2f00fdc]: BUSY"}}
[debug] [2022-04-27T23:38:12.012Z] [runtime-status] [26680] Beginning invocation function app! {"metadata":{"emulator":{"name":"functions"},"function":{"name":"us-central1-app"},"extension":{},"message":"[runtime-status] [26680] Beginning invocation function app!"}}
[info] i  functions: Beginning execution of "app" {"metadata":{"emulator":{"name":"functions"},"function":{"name":"us-central1-app"},"extension":{},"message":"Beginning execution of \"app\""}}
[debug] [2022-04-27T23:38:12.015Z] [runtime-status] [26680] Running app in signature http {"metadata":{"emulator":{"name":"functions"},"function":{"name":"us-central1-app"},"extension":{},"message":"[runtime-status] [26680] Running app in signature http"}}
[debug] [2022-04-27T23:38:12.020Z] [runtime-status] [26680] Attempting to listen to socketPath: /var/folders/f4/6mm8ktwd0tq3jcws_y4ns8fc0000gn/T/fire_emu_26680.sock {"metadata":{"emulator":{"name":"functions"},"function":{"name":"us-central1-app"},"extension":{},"message":"[runtime-status] [26680] Attempting to listen to socketPath: /var/folders/f4/6mm8ktwd0tq3jcws_y4ns8fc0000gn/T/fire_emu_26680.sock"}}
[debug] [2022-04-27T23:38:12.021Z] [functions] Runtime ready! Sending request! {"metadata":{"emulator":{"name":"functions"},"message":"[functions] Runtime ready! Sending request!"}}
[debug] [2022-04-27T23:38:12.021Z] [functions] Got req.url=/emptyvoid-47fab/us-central1/app/sign-up, mapping to path=/sign-up {"metadata":{"emulator":{"name":"functions"},"message":"[functions] Got req.url=/emptyvoid-47fab/us-central1/app/sign-up, mapping to path=/sign-up"}}
[debug] [2022-04-27T23:38:12.023Z] [runtime-status] [26680] Ephemeral server handling GET request {"metadata":{"emulator":{"name":"functions"},"function":{"name":"us-central1-app"},"extension":{},"message":"[runtime-status] [26680] Ephemeral server handling GET request"}}
[debug] [2022-04-27T23:38:12.027Z] <<< [apiv2][status] GET http://localhost:5001/emptyvoid-47fab/us-central1/app/sign-up 200
[debug] [2022-04-27T23:38:12.027Z] <<< [apiv2][body] GET http://localhost:5001/emptyvoid-47fab/us-central1/app/sign-up [stream]
[info] i  hosting: 127.0.0.1 - - [27/Apr/2022:23:38:12 +0000] "GET /sign-up HTTP/1.1" 200 5101 "http://localhost:5002/" "Mozilla/5.0 (Macintosh; Intel Mac OS X 10_15_7) AppleWebKit/537.36 (KHTML, like Gecko) Chrome/101.0.4951.41 Safari/537.36" {"metadata":{"emulator":{"name":"hosting"},"message":"127.0.0.1 - - [27/Apr/2022:23:38:12 +0000] \"GET /sign-up HTTP/1.1\" 200 5101 \"http://localhost:5002/\" \"Mozilla/5.0 (Macintosh; Intel Mac OS X 10_15_7) AppleWebKit/537.36 (KHTML, like Gecko) Chrome/101.0.4951.41 Safari/537.36\""}}
[debug] [2022-04-27T23:38:12.028Z] [runtime-status] [26680] Ephemeral server survived. {"metadata":{"emulator":{"name":"functions"},"function":{"name":"us-central1-app"},"extension":{},"message":"[runtime-status] [26680] Ephemeral server survived."}}
[info] i  functions: Finished "app" in ~1s {"metadata":{"emulator":{"name":"functions"},"function":{"name":"us-central1-app"},"extension":{},"message":"Finished \"app\" in ~1s"}}
[debug] [2022-04-27T23:38:12.028Z] [worker-us-central1-app-1a9c7477-3dd1-496f-a185-46b2c2f00fdc]: IDLE {"metadata":{"emulator":{"name":"functions"},"message":"[worker-us-central1-app-1a9c7477-3dd1-496f-a185-46b2c2f00fdc]: IDLE"}}
[debug] [2022-04-27T23:38:12.028Z] [work-queue] {"queueLength":0,"workRunningCount":0}
[info] [hosting] Rewriting /sessionLogin to http://localhost:5001/emptyvoid-47fab/us-central1/app for local Function us-central1/app
[debug] [2022-04-27T23:38:19.520Z] >>> [apiv2][query] POST http://localhost:5001/emptyvoid-47fab/us-central1/app/sessionLogin 
[debug] [2022-04-27T23:38:19.520Z] >>> [apiv2][body] POST http://localhost:5001/emptyvoid-47fab/us-central1/app/sessionLogin [stream]
[debug] [2022-04-27T23:38:19.527Z] [work-queue] {"queueLength":1,"workRunningCount":0}
[debug] [2022-04-27T23:38:19.528Z] [work-queue] {"queueLength":0,"workRunningCount":1}
[debug] [2022-04-27T23:38:19.528Z] Accepted request POST /emptyvoid-47fab/us-central1/app/sessionLogin --> us-central1-app
[debug] [2022-04-27T23:38:19.528Z] [worker-pool] submitWork(triggerId=us-central1-app) {"metadata":{"emulator":{"name":"functions"},"message":"[worker-pool] submitWork(triggerId=us-central1-app)"}}
[debug] [2022-04-27T23:38:19.528Z] [worker-us-central1-app-1a9c7477-3dd1-496f-a185-46b2c2f00fdc]: Assigning socketPath: /var/folders/f4/6mm8ktwd0tq3jcws_y4ns8fc0000gn/T/fire_emu_26680.sock {"metadata":{"emulator":{"name":"functions"},"message":"[worker-us-central1-app-1a9c7477-3dd1-496f-a185-46b2c2f00fdc]: Assigning socketPath: /var/folders/f4/6mm8ktwd0tq3jcws_y4ns8fc0000gn/T/fire_emu_26680.sock"}}
[debug] [2022-04-27T23:38:19.528Z] [worker-us-central1-app-1a9c7477-3dd1-496f-a185-46b2c2f00fdc]: BUSY {"metadata":{"emulator":{"name":"functions"},"message":"[worker-us-central1-app-1a9c7477-3dd1-496f-a185-46b2c2f00fdc]: BUSY"}}
[debug] [2022-04-27T23:38:19.536Z] [runtime-status] [26680] Beginning invocation function app! {"metadata":{"emulator":{"name":"functions"},"function":{"name":"us-central1-app"},"extension":{},"message":"[runtime-status] [26680] Beginning invocation function app!"}}
[info] i  functions: Beginning execution of "app" {"metadata":{"emulator":{"name":"functions"},"function":{"name":"us-central1-app"},"extension":{},"message":"Beginning execution of \"app\""}}
[debug] [2022-04-27T23:38:19.537Z] [runtime-status] [26680] Running app in signature http {"metadata":{"emulator":{"name":"functions"},"function":{"name":"us-central1-app"},"extension":{},"message":"[runtime-status] [26680] Running app in signature http"}}
[debug] [2022-04-27T23:38:19.540Z] [runtime-status] [26680] Attempting to listen to socketPath: /var/folders/f4/6mm8ktwd0tq3jcws_y4ns8fc0000gn/T/fire_emu_26680.sock {"metadata":{"emulator":{"name":"functions"},"function":{"name":"us-central1-app"},"extension":{},"message":"[runtime-status] [26680] Attempting to listen to socketPath: /var/folders/f4/6mm8ktwd0tq3jcws_y4ns8fc0000gn/T/fire_emu_26680.sock"}}
[debug] [2022-04-27T23:38:19.545Z] [functions] Runtime ready! Sending request! {"metadata":{"emulator":{"name":"functions"},"message":"[functions] Runtime ready! Sending request!"}}
[debug] [2022-04-27T23:38:19.545Z] [functions] Got req.url=/emptyvoid-47fab/us-central1/app/sessionLogin, mapping to path=/sessionLogin {"metadata":{"emulator":{"name":"functions"},"message":"[functions] Got req.url=/emptyvoid-47fab/us-central1/app/sessionLogin, mapping to path=/sessionLogin"}}
[debug] [2022-04-27T23:38:19.592Z] [runtime-status] [26680] Ephemeral server handling POST request {"metadata":{"emulator":{"name":"functions"},"function":{"name":"us-central1-app"},"extension":{},"message":"[runtime-status] [26680] Ephemeral server handling POST request"}}
[debug] [2022-04-27T23:38:19.595Z] [runtime-status] [26680] Ephemeral server survived. {"metadata":{"emulator":{"name":"functions"},"function":{"name":"us-central1-app"},"extension":{},"message":"[runtime-status] [26680] Ephemeral server survived."}}
[debug] [2022-04-27T23:38:20.066Z] <<< [apiv2][status] POST http://localhost:5001/emptyvoid-47fab/us-central1/app/sessionLogin 200
[debug] [2022-04-27T23:38:20.066Z] <<< [apiv2][body] POST http://localhost:5001/emptyvoid-47fab/us-central1/app/sessionLogin [stream]
[info] i  hosting: 127.0.0.1 - - [27/Apr/2022:23:38:20 +0000] "POST /sessionLogin HTTP/1.1" 200 20 "http://localhost:5002/sign-up" "Mozilla/5.0 (Macintosh; Intel Mac OS X 10_15_7) AppleWebKit/537.36 (KHTML, like Gecko) Chrome/101.0.4951.41 Safari/537.36" {"metadata":{"emulator":{"name":"hosting"},"message":"127.0.0.1 - - [27/Apr/2022:23:38:20 +0000] \"POST /sessionLogin HTTP/1.1\" 200 20 \"http://localhost:5002/sign-up\" \"Mozilla/5.0 (Macintosh; Intel Mac OS X 10_15_7) AppleWebKit/537.36 (KHTML, like Gecko) Chrome/101.0.4951.41 Safari/537.36\""}}
[info] i  functions: Finished "app" in ~1s {"metadata":{"emulator":{"name":"functions"},"function":{"name":"us-central1-app"},"extension":{},"message":"Finished \"app\" in ~1s"}}
[debug] [2022-04-27T23:38:20.067Z] [worker-us-central1-app-1a9c7477-3dd1-496f-a185-46b2c2f00fdc]: IDLE {"metadata":{"emulator":{"name":"functions"},"message":"[worker-us-central1-app-1a9c7477-3dd1-496f-a185-46b2c2f00fdc]: IDLE"}}
[debug] [2022-04-27T23:38:20.067Z] [work-queue] {"queueLength":0,"workRunningCount":0}
[debug] [2022-04-27T23:38:20.115Z] Apr 27, 2022 7:38:20 PM io.gapi.emulators.netty.HttpVersionRoutingHandler channelRead
INFO: Detected non-HTTP/2 connection.
 {"metadata":{"emulator":{"name":"firestore"},"message":"Apr 27, 2022 7:38:20 PM io.gapi.emulators.netty.HttpVersionRoutingHandler channelRead\nINFO: Detected non-HTTP/2 connection.\n"}}
[info] [hosting] Rewriting /dashboard to http://localhost:5001/emptyvoid-47fab/us-central1/app for local Function us-central1/app
[debug] [2022-04-27T23:38:20.125Z] >>> [apiv2][query] GET http://localhost:5001/emptyvoid-47fab/us-central1/app/dashboard 
[debug] [2022-04-27T23:38:20.127Z] [work-queue] {"queueLength":1,"workRunningCount":0}
[debug] [2022-04-27T23:38:20.127Z] [work-queue] {"queueLength":0,"workRunningCount":1}
[debug] [2022-04-27T23:38:20.127Z] Accepted request GET /emptyvoid-47fab/us-central1/app/dashboard --> us-central1-app
[debug] [2022-04-27T23:38:20.127Z] [worker-pool] submitWork(triggerId=us-central1-app) {"metadata":{"emulator":{"name":"functions"},"message":"[worker-pool] submitWork(triggerId=us-central1-app)"}}
[debug] [2022-04-27T23:38:20.127Z] [worker-us-central1-app-1a9c7477-3dd1-496f-a185-46b2c2f00fdc]: Assigning socketPath: /var/folders/f4/6mm8ktwd0tq3jcws_y4ns8fc0000gn/T/fire_emu_26680.sock {"metadata":{"emulator":{"name":"functions"},"message":"[worker-us-central1-app-1a9c7477-3dd1-496f-a185-46b2c2f00fdc]: Assigning socketPath: /var/folders/f4/6mm8ktwd0tq3jcws_y4ns8fc0000gn/T/fire_emu_26680.sock"}}
[debug] [2022-04-27T23:38:20.127Z] [worker-us-central1-app-1a9c7477-3dd1-496f-a185-46b2c2f00fdc]: BUSY {"metadata":{"emulator":{"name":"functions"},"message":"[worker-us-central1-app-1a9c7477-3dd1-496f-a185-46b2c2f00fdc]: BUSY"}}
[debug] [2022-04-27T23:38:20.127Z] [runtime-status] [26680] Beginning invocation function app! {"metadata":{"emulator":{"name":"functions"},"function":{"name":"us-central1-app"},"extension":{},"message":"[runtime-status] [26680] Beginning invocation function app!"}}
[info] i  functions: Beginning execution of "app" {"metadata":{"emulator":{"name":"functions"},"function":{"name":"us-central1-app"},"extension":{},"message":"Beginning execution of \"app\""}}
[debug] [2022-04-27T23:38:20.127Z] [runtime-status] [26680] Running app in signature http {"metadata":{"emulator":{"name":"functions"},"function":{"name":"us-central1-app"},"extension":{},"message":"[runtime-status] [26680] Running app in signature http"}}
[debug] [2022-04-27T23:38:20.128Z] [runtime-status] [26680] Attempting to listen to socketPath: /var/folders/f4/6mm8ktwd0tq3jcws_y4ns8fc0000gn/T/fire_emu_26680.sock {"metadata":{"emulator":{"name":"functions"},"function":{"name":"us-central1-app"},"extension":{},"message":"[runtime-status] [26680] Attempting to listen to socketPath: /var/folders/f4/6mm8ktwd0tq3jcws_y4ns8fc0000gn/T/fire_emu_26680.sock"}}
[debug] [2022-04-27T23:38:20.130Z] [functions] Runtime ready! Sending request! {"metadata":{"emulator":{"name":"functions"},"message":"[functions] Runtime ready! Sending request!"}}
[debug] [2022-04-27T23:38:20.131Z] [functions] Got req.url=/emptyvoid-47fab/us-central1/app/dashboard, mapping to path=/dashboard {"metadata":{"emulator":{"name":"functions"},"message":"[functions] Got req.url=/emptyvoid-47fab/us-central1/app/dashboard, mapping to path=/dashboard"}}
[debug] [2022-04-27T23:38:20.131Z] [runtime-status] [26680] Ephemeral server handling GET request {"metadata":{"emulator":{"name":"functions"},"function":{"name":"us-central1-app"},"extension":{},"message":"[runtime-status] [26680] Ephemeral server handling GET request"}}
[debug] [2022-04-27T23:38:20.132Z] [runtime-status] [26680] Ephemeral server survived. {"metadata":{"emulator":{"name":"functions"},"function":{"name":"us-central1-app"},"extension":{},"message":"[runtime-status] [26680] Ephemeral server survived."}}
[debug] [2022-04-27T23:38:20.212Z] Apr 27, 2022 7:38:20 PM io.gapi.emulators.netty.HttpVersionRoutingHandler channelRead
INFO: Detected non-HTTP/2 connection.
 {"metadata":{"emulator":{"name":"firestore"},"message":"Apr 27, 2022 7:38:20 PM io.gapi.emulators.netty.HttpVersionRoutingHandler channelRead\nINFO: Detected non-HTTP/2 connection.\n"}}
[debug] [2022-04-27T23:38:20.242Z] Apr 27, 2022 7:38:20 PM io.gapi.emulators.netty.HttpVersionRoutingHandler channelRead
INFO: Detected non-HTTP/2 connection.
 {"metadata":{"emulator":{"name":"firestore"},"message":"Apr 27, 2022 7:38:20 PM io.gapi.emulators.netty.HttpVersionRoutingHandler channelRead\nINFO: Detected non-HTTP/2 connection.\n"}}
[info] >  Logged in: me@me.com {"user":"Logged in: me@me.com","metadata":{"emulator":{"name":"functions"},"function":{"name":"us-central1-app"},"extension":{},"message":"\u001b[90m> \u001b[39m Logged in: me@me.com"}}
[info] >  [] {"user":[],"metadata":{"emulator":{"name":"functions"},"function":{"name":"us-central1-app"},"extension":{},"message":"\u001b[90m> \u001b[39m []"}}
[debug] [2022-04-27T23:38:20.293Z] <<< [apiv2][status] GET http://localhost:5001/emptyvoid-47fab/us-central1/app/dashboard 200
[debug] [2022-04-27T23:38:20.293Z] <<< [apiv2][body] GET http://localhost:5001/emptyvoid-47fab/us-central1/app/dashboard [stream]
[info] i  hosting: 127.0.0.1 - - [27/Apr/2022:23:38:20 +0000] "GET /dashboard HTTP/1.1" 200 3021 "http://localhost:5002/sign-up" "Mozilla/5.0 (Macintosh; Intel Mac OS X 10_15_7) AppleWebKit/537.36 (KHTML, like Gecko) Chrome/101.0.4951.41 Safari/537.36" {"metadata":{"emulator":{"name":"hosting"},"message":"127.0.0.1 - - [27/Apr/2022:23:38:20 +0000] \"GET /dashboard HTTP/1.1\" 200 3021 \"http://localhost:5002/sign-up\" \"Mozilla/5.0 (Macintosh; Intel Mac OS X 10_15_7) AppleWebKit/537.36 (KHTML, like Gecko) Chrome/101.0.4951.41 Safari/537.36\""}}
[info] i  functions: Finished "app" in ~1s {"metadata":{"emulator":{"name":"functions"},"function":{"name":"us-central1-app"},"extension":{},"message":"Finished \"app\" in ~1s"}}
[debug] [2022-04-27T23:38:20.294Z] [worker-us-central1-app-1a9c7477-3dd1-496f-a185-46b2c2f00fdc]: IDLE {"metadata":{"emulator":{"name":"functions"},"message":"[worker-us-central1-app-1a9c7477-3dd1-496f-a185-46b2c2f00fdc]: IDLE"}}
[debug] [2022-04-27T23:38:20.294Z] [work-queue] {"queueLength":0,"workRunningCount":0}
[info] [hosting] Rewriting /profile to http://localhost:5001/emptyvoid-47fab/us-central1/app for local Function us-central1/app
[debug] [2022-04-27T23:38:24.232Z] >>> [apiv2][query] GET http://localhost:5001/emptyvoid-47fab/us-central1/app/profile 
[debug] [2022-04-27T23:38:24.238Z] [work-queue] {"queueLength":1,"workRunningCount":0}
[debug] [2022-04-27T23:38:24.238Z] [work-queue] {"queueLength":0,"workRunningCount":1}
[debug] [2022-04-27T23:38:24.238Z] Accepted request GET /emptyvoid-47fab/us-central1/app/profile --> us-central1-app
[debug] [2022-04-27T23:38:24.239Z] [worker-pool] submitWork(triggerId=us-central1-app) {"metadata":{"emulator":{"name":"functions"},"message":"[worker-pool] submitWork(triggerId=us-central1-app)"}}
[debug] [2022-04-27T23:38:24.239Z] [worker-us-central1-app-1a9c7477-3dd1-496f-a185-46b2c2f00fdc]: Assigning socketPath: /var/folders/f4/6mm8ktwd0tq3jcws_y4ns8fc0000gn/T/fire_emu_26680.sock {"metadata":{"emulator":{"name":"functions"},"message":"[worker-us-central1-app-1a9c7477-3dd1-496f-a185-46b2c2f00fdc]: Assigning socketPath: /var/folders/f4/6mm8ktwd0tq3jcws_y4ns8fc0000gn/T/fire_emu_26680.sock"}}
[debug] [2022-04-27T23:38:24.239Z] [worker-us-central1-app-1a9c7477-3dd1-496f-a185-46b2c2f00fdc]: BUSY {"metadata":{"emulator":{"name":"functions"},"message":"[worker-us-central1-app-1a9c7477-3dd1-496f-a185-46b2c2f00fdc]: BUSY"}}
[debug] [2022-04-27T23:38:24.243Z] [runtime-status] [26680] Beginning invocation function app! {"metadata":{"emulator":{"name":"functions"},"function":{"name":"us-central1-app"},"extension":{},"message":"[runtime-status] [26680] Beginning invocation function app!"}}
[info] i  functions: Beginning execution of "app" {"metadata":{"emulator":{"name":"functions"},"function":{"name":"us-central1-app"},"extension":{},"message":"Beginning execution of \"app\""}}
[debug] [2022-04-27T23:38:24.245Z] [runtime-status] [26680] Running app in signature http {"metadata":{"emulator":{"name":"functions"},"function":{"name":"us-central1-app"},"extension":{},"message":"[runtime-status] [26680] Running app in signature http"}}
[debug] [2022-04-27T23:38:24.246Z] [runtime-status] [26680] Attempting to listen to socketPath: /var/folders/f4/6mm8ktwd0tq3jcws_y4ns8fc0000gn/T/fire_emu_26680.sock {"metadata":{"emulator":{"name":"functions"},"function":{"name":"us-central1-app"},"extension":{},"message":"[runtime-status] [26680] Attempting to listen to socketPath: /var/folders/f4/6mm8ktwd0tq3jcws_y4ns8fc0000gn/T/fire_emu_26680.sock"}}
[debug] [2022-04-27T23:38:24.251Z] [functions] Runtime ready! Sending request! {"metadata":{"emulator":{"name":"functions"},"message":"[functions] Runtime ready! Sending request!"}}
[debug] [2022-04-27T23:38:24.251Z] [functions] Got req.url=/emptyvoid-47fab/us-central1/app/profile, mapping to path=/profile {"metadata":{"emulator":{"name":"functions"},"message":"[functions] Got req.url=/emptyvoid-47fab/us-central1/app/profile, mapping to path=/profile"}}
[debug] [2022-04-27T23:38:24.254Z] [runtime-status] [26680] Ephemeral server handling GET request {"metadata":{"emulator":{"name":"functions"},"function":{"name":"us-central1-app"},"extension":{},"message":"[runtime-status] [26680] Ephemeral server handling GET request"}}
[debug] [2022-04-27T23:38:24.255Z] [runtime-status] [26680] Ephemeral server survived. {"metadata":{"emulator":{"name":"functions"},"function":{"name":"us-central1-app"},"extension":{},"message":"[runtime-status] [26680] Ephemeral server survived."}}
[info] >  Logged in: me@me.com {"user":"Logged in: me@me.com","metadata":{"emulator":{"name":"functions"},"function":{"name":"us-central1-app"},"extension":{},"message":"\u001b[90m> \u001b[39m Logged in: me@me.com"}}
[info] >  [] {"user":[],"metadata":{"emulator":{"name":"functions"},"function":{"name":"us-central1-app"},"extension":{},"message":"\u001b[90m> \u001b[39m []"}}
[debug] [2022-04-27T23:38:24.536Z] <<< [apiv2][status] GET http://localhost:5001/emptyvoid-47fab/us-central1/app/profile 200
[debug] [2022-04-27T23:38:24.536Z] <<< [apiv2][body] GET http://localhost:5001/emptyvoid-47fab/us-central1/app/profile [stream]
[info] i  hosting: 127.0.0.1 - - [27/Apr/2022:23:38:24 +0000] "GET /profile HTTP/1.1" 200 3762 "http://localhost:5002/dashboard" "Mozilla/5.0 (Macintosh; Intel Mac OS X 10_15_7) AppleWebKit/537.36 (KHTML, like Gecko) Chrome/101.0.4951.41 Safari/537.36" {"metadata":{"emulator":{"name":"hosting"},"message":"127.0.0.1 - - [27/Apr/2022:23:38:24 +0000] \"GET /profile HTTP/1.1\" 200 3762 \"http://localhost:5002/dashboard\" \"Mozilla/5.0 (Macintosh; Intel Mac OS X 10_15_7) AppleWebKit/537.36 (KHTML, like Gecko) Chrome/101.0.4951.41 Safari/537.36\""}}
[info] i  functions: Finished "app" in ~1s {"metadata":{"emulator":{"name":"functions"},"function":{"name":"us-central1-app"},"extension":{},"message":"Finished \"app\" in ~1s"}}
[debug] [2022-04-27T23:38:24.537Z] [worker-us-central1-app-1a9c7477-3dd1-496f-a185-46b2c2f00fdc]: IDLE {"metadata":{"emulator":{"name":"functions"},"message":"[worker-us-central1-app-1a9c7477-3dd1-496f-a185-46b2c2f00fdc]: IDLE"}}
[debug] [2022-04-27T23:38:24.537Z] [work-queue] {"queueLength":0,"workRunningCount":0}
[debug] [2022-04-27T23:38:50.443Z] Apr 27, 2022 7:38:50 PM io.gapi.emulators.netty.HttpVersionRoutingHandler channelRead
INFO: Detected non-HTTP/2 connection.
 {"metadata":{"emulator":{"name":"firestore"},"message":"Apr 27, 2022 7:38:50 PM io.gapi.emulators.netty.HttpVersionRoutingHandler channelRead\nINFO: Detected non-HTTP/2 connection.\n"}}
